  [1m[35m (1.6ms)[0m  [1m[35mCREATE TABLE "schema_migrations" ("version" varchar NOT NULL PRIMARY KEY)[0m
  [1m[35m (1.2ms)[0m  [1m[35mCREATE TABLE "ar_internal_metadata" ("key" varchar NOT NULL PRIMARY KEY, "value" varchar, "created_at" datetime(6) NOT NULL, "updated_at" datetime(6) NOT NULL)[0m
  [1m[36mActiveRecord::InternalMetadata Load (0.2ms)[0m  [1m[34mSELECT "ar_internal_metadata".* FROM "ar_internal_metadata" WHERE "ar_internal_metadata"."key" = ? LIMIT ?[0m  [["key", "environment"], ["LIMIT", 1]]
  [1m[36mTRANSACTION (0.1ms)[0m  [1m[36mbegin transaction[0m
  [1m[36mActiveRecord::InternalMetadata Create (0.4ms)[0m  [1m[32mINSERT INTO "ar_internal_metadata" ("key", "value", "created_at", "updated_at") VALUES (?, ?, ?, ?)[0m  [["key", "environment"], ["value", "development"], ["created_at", "2024-08-17 20:27:40.807558"], ["updated_at", "2024-08-17 20:27:40.807558"]]
  [1m[36mTRANSACTION (0.7ms)[0m  [1m[36mcommit transaction[0m
  [1m[36mActiveRecord::SchemaMigration Pluck (0.1ms)[0m  [1m[34mSELECT "schema_migrations"."version" FROM "schema_migrations" ORDER BY "schema_migrations"."version" ASC[0m
  [1m[36mActiveRecord::SchemaMigration Pluck (0.5ms)[0m  [1m[34mSELECT "schema_migrations"."version" FROM "schema_migrations" ORDER BY "schema_migrations"."version" ASC[0m
Migrating to DeviseCreateUsers (20240817202951)
  [1m[36mTRANSACTION (0.1ms)[0m  [1m[36mbegin transaction[0m
  [1m[35m (2.2ms)[0m  [1m[35mCREATE TABLE "users" ("id" integer PRIMARY KEY AUTOINCREMENT NOT NULL, "email" varchar DEFAULT '' NOT NULL, "encrypted_password" varchar DEFAULT '' NOT NULL, "reset_password_token" varchar, "reset_password_sent_at" datetime(6), "remember_created_at" datetime(6), "created_at" datetime(6) NOT NULL, "updated_at" datetime(6) NOT NULL)[0m
  [1m[35m (0.8ms)[0m  [1m[35mCREATE UNIQUE INDEX "index_users_on_email" ON "users" ("email")[0m
  [1m[35m (0.1ms)[0m  [1m[35mCREATE UNIQUE INDEX "index_users_on_reset_password_token" ON "users" ("reset_password_token")[0m
  [1m[36mActiveRecord::SchemaMigration Create (0.5ms)[0m  [1m[32mINSERT INTO "schema_migrations" ("version") VALUES (?)[0m  [["version", "20240817202951"]]
  [1m[36mTRANSACTION (1.0ms)[0m  [1m[36mcommit transaction[0m
  [1m[36mActiveRecord::InternalMetadata Load (0.5ms)[0m  [1m[34mSELECT "ar_internal_metadata".* FROM "ar_internal_metadata" WHERE "ar_internal_metadata"."key" = ? LIMIT ?[0m  [["key", "environment"], ["LIMIT", 1]]
  [1m[36mActiveRecord::SchemaMigration Pluck (0.1ms)[0m  [1m[34mSELECT "schema_migrations"."version" FROM "schema_migrations" ORDER BY "schema_migrations"."version" ASC[0m
Started GET "/" for 127.0.0.1 at 2024-08-17 17:32:40 -0300
  [1m[36mActiveRecord::SchemaMigration Pluck (0.6ms)[0m  [1m[34mSELECT "schema_migrations"."version" FROM "schema_migrations" ORDER BY "schema_migrations"."version" ASC[0m
Processing by HomeController#index as HTML
  Rendering layout layouts/application.html.erb
  Rendering home/index.html.erb within layouts/application
  Rendered home/index.html.erb within layouts/application (Duration: 21.7ms | Allocations: 4985)
  Rendered layout layouts/application.html.erb (Duration: 377.4ms | Allocations: 83918)
Completed 200 OK in 428ms (Views: 389.8ms | ActiveRecord: 0.0ms | Allocations: 91953)


Started GET "/users/sign_up" for 127.0.0.1 at 2024-08-17 17:32:45 -0300
Processing by Devise::RegistrationsController#new as HTML
  Rendering layout layouts/application.html.erb
  Rendering devise/registrations/new.html.erb within layouts/application
  Rendered devise/shared/_error_messages.html.erb (Duration: 0.7ms | Allocations: 243)
  Rendered devise/shared/_links.html.erb (Duration: 2.3ms | Allocations: 602)
  Rendered devise/registrations/new.html.erb within layouts/application (Duration: 23.7ms | Allocations: 4547)
  Rendered layout layouts/application.html.erb (Duration: 26.5ms | Allocations: 5934)
Completed 200 OK in 43ms (Views: 31.6ms | ActiveRecord: 0.6ms | Allocations: 12943)


Started GET "/" for 127.0.0.1 at 2024-08-17 17:32:55 -0300
Processing by HomeController#index as HTML
  Rendering layout layouts/application.html.erb
  Rendering home/index.html.erb within layouts/application
  Rendered home/index.html.erb within layouts/application (Duration: 1.4ms | Allocations: 324)
  Rendered layout layouts/application.html.erb (Duration: 4.1ms | Allocations: 1640)
Completed 200 OK in 5ms (Views: 4.7ms | ActiveRecord: 0.0ms | Allocations: 1909)


Started GET "/users/sign_in" for 127.0.0.1 at 2024-08-17 17:32:56 -0300
Processing by Devise::SessionsController#new as HTML
  Rendering layout layouts/application.html.erb
  Rendering devise/sessions/new.html.erb within layouts/application
  Rendered devise/shared/_links.html.erb (Duration: 0.9ms | Allocations: 270)
  Rendered devise/sessions/new.html.erb within layouts/application (Duration: 7.4ms | Allocations: 2295)
  Rendered layout layouts/application.html.erb (Duration: 9.3ms | Allocations: 3675)
Completed 200 OK in 15ms (Views: 11.2ms | ActiveRecord: 0.0ms | Allocations: 5278)


Started GET "/users/sign_up" for 127.0.0.1 at 2024-08-17 17:32:57 -0300
Processing by Devise::RegistrationsController#new as HTML
  Rendering layout layouts/application.html.erb
  Rendering devise/registrations/new.html.erb within layouts/application
  Rendered devise/shared/_error_messages.html.erb (Duration: 0.1ms | Allocations: 14)
  Rendered devise/shared/_links.html.erb (Duration: 0.2ms | Allocations: 78)
  Rendered devise/registrations/new.html.erb within layouts/application (Duration: 2.1ms | Allocations: 1193)
  Rendered layout layouts/application.html.erb (Duration: 5.1ms | Allocations: 2509)
Completed 200 OK in 7ms (Views: 5.6ms | ActiveRecord: 0.0ms | Allocations: 3074)


Started GET "/users/sign_in" for 127.0.0.1 at 2024-08-17 17:33:05 -0300
Processing by Devise::SessionsController#new as HTML
  Rendering layout layouts/application.html.erb
  Rendering devise/sessions/new.html.erb within layouts/application
  Rendered devise/shared/_links.html.erb (Duration: 0.2ms | Allocations: 132)
  Rendered devise/sessions/new.html.erb within layouts/application (Duration: 2.0ms | Allocations: 1215)
  Rendered layout layouts/application.html.erb (Duration: 3.9ms | Allocations: 2523)
Completed 200 OK in 5ms (Views: 4.3ms | ActiveRecord: 0.0ms | Allocations: 3153)


Started POST "/users" for 127.0.0.1 at 2024-08-17 17:33:09 -0300
Processing by Devise::RegistrationsController#create as TURBO_STREAM
  Parameters: {"authenticity_token"=>"[FILTERED]", "user"=>{"email"=>"otavio@teste.com", "password"=>"[FILTERED]", "password_confirmation"=>"[FILTERED]"}, "commit"=>"Sign up"}
  [1m[36mTRANSACTION (0.1ms)[0m  [1m[36mbegin transaction[0m
  [1m[36mUser Exists? (0.5ms)[0m  [1m[34mSELECT 1 AS one FROM "users" WHERE "users"."email" = ? LIMIT ?[0m  [["email", "otavio@teste.com"], ["LIMIT", 1]]
  [1m[36mUser Create (2.0ms)[0m  [1m[32mINSERT INTO "users" ("email", "encrypted_password", "reset_password_token", "reset_password_sent_at", "remember_created_at", "created_at", "updated_at") VALUES (?, ?, ?, ?, ?, ?, ?)[0m  [["email", "otavio@teste.com"], ["encrypted_password", "[FILTERED]"], ["reset_password_token", "[FILTERED]"], ["reset_password_sent_at", "[FILTERED]"], ["remember_created_at", nil], ["created_at", "2024-08-17 20:33:09.539451"], ["updated_at", "2024-08-17 20:33:09.539451"]]
  [1m[36mTRANSACTION (0.9ms)[0m  [1m[36mcommit transaction[0m
Redirected to http://127.0.0.1:3000/
Completed 303 See Other in 384ms (ActiveRecord: 3.5ms | Allocations: 11975)


Started GET "/" for 127.0.0.1 at 2024-08-17 17:33:09 -0300
Processing by HomeController#index as TURBO_STREAM
  Rendering layout layouts/application.html.erb
  Rendering home/index.html.erb within layouts/application
  [1m[36mUser Load (0.3ms)[0m  [1m[34mSELECT "users".* FROM "users" WHERE "users"."id" = ? ORDER BY "users"."id" ASC LIMIT ?[0m  [["id", 1], ["LIMIT", 1]]
  ↳ app/views/home/index.html.erb:3
  Rendered home/index.html.erb within layouts/application (Duration: 11.4ms | Allocations: 1348)
  Rendered layout layouts/application.html.erb (Duration: 14.5ms | Allocations: 2666)
Completed 200 OK in 17ms (Views: 14.9ms | ActiveRecord: 0.3ms | Allocations: 2982)


Started GET "/users/sign_out" for 127.0.0.1 at 2024-08-17 17:33:17 -0300
  
ActionController::RoutingError (No route matches [GET] "/users/sign_out"):
  
Started GET "/" for 127.0.0.1 at 2024-08-17 17:33:27 -0300
Processing by HomeController#index as HTML
  Rendering layout layouts/application.html.erb
  Rendering home/index.html.erb within layouts/application
  [1m[36mUser Load (0.2ms)[0m  [1m[34mSELECT "users".* FROM "users" WHERE "users"."id" = ? ORDER BY "users"."id" ASC LIMIT ?[0m  [["id", 1], ["LIMIT", 1]]
  ↳ app/views/home/index.html.erb:3
  Rendered home/index.html.erb within layouts/application (Duration: 2.8ms | Allocations: 1051)
  Rendered layout layouts/application.html.erb (Duration: 7.0ms | Allocations: 2371)
Completed 200 OK in 8ms (Views: 7.4ms | ActiveRecord: 0.2ms | Allocations: 2637)


Started GET "/" for 127.0.0.1 at 2024-08-17 17:33:54 -0300
Processing by HomeController#index as HTML
  Rendering layout layouts/application.html.erb
  Rendering home/index.html.erb within layouts/application
  [1m[36mUser Load (0.1ms)[0m  [1m[34mSELECT "users".* FROM "users" WHERE "users"."id" = ? ORDER BY "users"."id" ASC LIMIT ?[0m  [["id", 1], ["LIMIT", 1]]
  ↳ app/views/home/index.html.erb:3
  Rendered home/index.html.erb within layouts/application (Duration: 2.9ms | Allocations: 1307)
  Rendered layout layouts/application.html.erb (Duration: 6.4ms | Allocations: 2924)
Completed 200 OK in 10ms (Views: 8.6ms | ActiveRecord: 0.1ms | Allocations: 3757)


Started DELETE "/users/sign_out?_method=delete" for 127.0.0.1 at 2024-08-17 17:33:56 -0300
Processing by Devise::SessionsController#destroy as TURBO_STREAM
  [1m[36mUser Load (0.1ms)[0m  [1m[34mSELECT "users".* FROM "users" WHERE "users"."id" = ? ORDER BY "users"."id" ASC LIMIT ?[0m  [["id", 1], ["LIMIT", 1]]
Redirected to http://127.0.0.1:3000/
Completed 303 See Other in 32ms (ActiveRecord: 0.1ms | Allocations: 5790)


Started GET "/" for 127.0.0.1 at 2024-08-17 17:33:56 -0300
Processing by HomeController#index as TURBO_STREAM
  Rendering layout layouts/application.html.erb
  Rendering home/index.html.erb within layouts/application
  Rendered home/index.html.erb within layouts/application (Duration: 0.5ms | Allocations: 327)
  Rendered layout layouts/application.html.erb (Duration: 2.6ms | Allocations: 1647)
Completed 200 OK in 4ms (Views: 3.0ms | ActiveRecord: 0.0ms | Allocations: 1960)


Started GET "/users/sign_up" for 127.0.0.1 at 2024-08-17 17:33:56 -0300
Processing by Devise::RegistrationsController#new as HTML
  Rendering layout layouts/application.html.erb
  Rendering devise/registrations/new.html.erb within layouts/application
  Rendered devise/shared/_error_messages.html.erb (Duration: 1.0ms | Allocations: 225)
  Rendered devise/shared/_links.html.erb (Duration: 1.1ms | Allocations: 515)
  Rendered devise/registrations/new.html.erb within layouts/application (Duration: 6.3ms | Allocations: 2375)
  Rendered layout layouts/application.html.erb (Duration: 8.3ms | Allocations: 3758)
Completed 200 OK in 12ms (Views: 11.0ms | ActiveRecord: 0.0ms | Allocations: 4718)


Started GET "/users/sign_in" for 127.0.0.1 at 2024-08-17 17:33:59 -0300
Processing by Devise::SessionsController#new as HTML
  Rendering layout layouts/application.html.erb
  Rendering devise/sessions/new.html.erb within layouts/application
  Rendered devise/shared/_links.html.erb (Duration: 0.2ms | Allocations: 142)
  Rendered devise/sessions/new.html.erb within layouts/application (Duration: 3.1ms | Allocations: 1609)
  Rendered layout layouts/application.html.erb (Duration: 5.0ms | Allocations: 2984)
Completed 200 OK in 8ms (Views: 6.9ms | ActiveRecord: 0.0ms | Allocations: 3931)


  [1m[36mUser Load (0.1ms)[0m  [1m[34mSELECT "users".* FROM "users"[0m
  [1m[36mTRANSACTION (0.1ms)[0m  [1m[36mbegin transaction[0m
  [1m[36mUser Exists? (0.2ms)[0m  [1m[34mSELECT 1 AS one FROM "users" WHERE "users"."email" = ? LIMIT ?[0m  [["email", "miguel@teste.com"], ["LIMIT", 1]]
  [1m[36mTRANSACTION (0.5ms)[0m  [1m[31mrollback transaction[0m
Started GET "/users/sign_in" for 127.0.0.1 at 2024-08-17 17:48:24 -0300
  [1m[36mActiveRecord::SchemaMigration Pluck (0.4ms)[0m  [1m[34mSELECT "schema_migrations"."version" FROM "schema_migrations" ORDER BY "schema_migrations"."version" ASC[0m
Processing by Devise::SessionsController#new as HTML
  Rendering layout layouts/application.html.erb
  Rendering devise/sessions/new.html.erb within layouts/application
  Rendered devise/shared/_links.html.erb (Duration: 1.7ms | Allocations: 725)
  Rendered devise/sessions/new.html.erb within layouts/application (Duration: 18.5ms | Allocations: 4082)
  Rendered shared/_navbar.html.erb (Duration: 1.1ms | Allocations: 480)
  Rendered layout layouts/application.html.erb (Duration: 82.6ms | Allocations: 36758)
Completed 200 OK in 121ms (Views: 96.4ms | ActiveRecord: 0.6ms | Allocations: 47746)


Started GET "/users/sign_in" for 127.0.0.1 at 2024-08-17 17:48:26 -0300
Processing by Devise::SessionsController#new as HTML
  Rendering layout layouts/application.html.erb
  Rendering devise/sessions/new.html.erb within layouts/application
  Rendered devise/shared/_links.html.erb (Duration: 0.4ms | Allocations: 132)
  Rendered devise/sessions/new.html.erb within layouts/application (Duration: 2.0ms | Allocations: 1215)
  Rendered shared/_navbar.html.erb (Duration: 0.2ms | Allocations: 127)
  Rendered layout layouts/application.html.erb (Duration: 4.5ms | Allocations: 2709)
Completed 200 OK in 6ms (Views: 5.0ms | ActiveRecord: 0.0ms | Allocations: 3341)


Started GET "/" for 127.0.0.1 at 2024-08-17 17:48:27 -0300
Processing by HomeController#index as HTML
  Rendering layout layouts/application.html.erb
  Rendering home/index.html.erb within layouts/application
  Rendered home/index.html.erb within layouts/application (Duration: 1.9ms | Allocations: 563)
  Rendered shared/_navbar.html.erb (Duration: 0.4ms | Allocations: 111)
  Rendered layout layouts/application.html.erb (Duration: 5.8ms | Allocations: 2137)
Completed 200 OK in 10ms (Views: 8.8ms | ActiveRecord: 0.0ms | Allocations: 2858)


Started GET "/users/sign_in" for 127.0.0.1 at 2024-08-17 17:48:54 -0300
Processing by Devise::SessionsController#new as HTML
  Rendering layout layouts/application.html.erb
  Rendering devise/sessions/new.html.erb within layouts/application
  Rendered devise/shared/_links.html.erb (Duration: 1.2ms | Allocations: 569)
  Rendered devise/sessions/new.html.erb within layouts/application (Duration: 3.8ms | Allocations: 2094)
  Rendered shared/_navbar.html.erb (Duration: 1.0ms | Allocations: 415)
  Rendered layout layouts/application.html.erb (Duration: 8.3ms | Allocations: 4248)
Completed 200 OK in 14ms (Views: 12.7ms | ActiveRecord: 0.0ms | Allocations: 5529)


Started GET "/users/sign_in" for 127.0.0.1 at 2024-08-17 17:48:55 -0300
Processing by Devise::SessionsController#new as HTML
  Rendering layout layouts/application.html.erb
  Rendering devise/sessions/new.html.erb within layouts/application
  Rendered devise/shared/_links.html.erb (Duration: 0.2ms | Allocations: 132)
  Rendered devise/sessions/new.html.erb within layouts/application (Duration: 1.9ms | Allocations: 1215)
  Rendered shared/_navbar.html.erb (Duration: 0.2ms | Allocations: 127)
  Rendered layout layouts/application.html.erb (Duration: 4.4ms | Allocations: 2708)
Completed 200 OK in 6ms (Views: 4.9ms | ActiveRecord: 0.0ms | Allocations: 3317)


Started GET "/users/sign_in" for 127.0.0.1 at 2024-08-17 17:48:56 -0300
Processing by Devise::SessionsController#new as HTML
  Rendering layout layouts/application.html.erb
  Rendering devise/sessions/new.html.erb within layouts/application
  Rendered devise/shared/_links.html.erb (Duration: 0.2ms | Allocations: 132)
  Rendered devise/sessions/new.html.erb within layouts/application (Duration: 2.2ms | Allocations: 1215)
  Rendered shared/_navbar.html.erb (Duration: 0.3ms | Allocations: 127)
  Rendered layout layouts/application.html.erb (Duration: 5.1ms | Allocations: 2718)
Completed 200 OK in 7ms (Views: 5.6ms | ActiveRecord: 0.0ms | Allocations: 3323)


Started GET "/users/sign_in" for 127.0.0.1 at 2024-08-17 17:49:01 -0300
  [1m[36mActiveRecord::SchemaMigration Pluck (0.1ms)[0m  [1m[34mSELECT "schema_migrations"."version" FROM "schema_migrations" ORDER BY "schema_migrations"."version" ASC[0m
Processing by Devise::SessionsController#new as HTML
  Rendering layout layouts/application.html.erb
  Rendering devise/sessions/new.html.erb within layouts/application
  Rendered devise/shared/_links.html.erb (Duration: 1.8ms | Allocations: 725)
  Rendered devise/sessions/new.html.erb within layouts/application (Duration: 10.9ms | Allocations: 4082)
  Rendered shared/_navbar.html.erb (Duration: 1.0ms | Allocations: 474)
  Rendered layout layouts/application.html.erb (Duration: 72.9ms | Allocations: 36359)
Completed 200 OK in 108ms (Views: 83.4ms | ActiveRecord: 0.8ms | Allocations: 47353)


Started GET "/users/sign_in" for 127.0.0.1 at 2024-08-17 17:49:01 -0300
Processing by Devise::SessionsController#new as HTML
  Rendering layout layouts/application.html.erb
  Rendering devise/sessions/new.html.erb within layouts/application
  Rendered devise/shared/_links.html.erb (Duration: 0.2ms | Allocations: 132)
  Rendered devise/sessions/new.html.erb within layouts/application (Duration: 1.7ms | Allocations: 1215)
  Rendered shared/_navbar.html.erb (Duration: 0.2ms | Allocations: 127)
  Rendered layout layouts/application.html.erb (Duration: 5.0ms | Allocations: 2724)
Completed 200 OK in 7ms (Views: 5.5ms | ActiveRecord: 0.0ms | Allocations: 3341)


Started GET "/users/sign_in" for 127.0.0.1 at 2024-08-17 17:49:02 -0300
Processing by Devise::SessionsController#new as HTML
  Rendering layout layouts/application.html.erb
  Rendering devise/sessions/new.html.erb within layouts/application
  Rendered devise/shared/_links.html.erb (Duration: 0.5ms | Allocations: 132)
  Rendered devise/sessions/new.html.erb within layouts/application (Duration: 3.2ms | Allocations: 1215)
  Rendered shared/_navbar.html.erb (Duration: 0.4ms | Allocations: 127)
  Rendered layout layouts/application.html.erb (Duration: 6.4ms | Allocations: 2709)
Completed 200 OK in 9ms (Views: 7.1ms | ActiveRecord: 0.0ms | Allocations: 3351)


Started GET "/users/sign_in" for 127.0.0.1 at 2024-08-17 17:49:02 -0300
Processing by Devise::SessionsController#new as HTML
  Rendering layout layouts/application.html.erb
  Rendering devise/sessions/new.html.erb within layouts/application
  Rendered devise/shared/_links.html.erb (Duration: 0.2ms | Allocations: 132)
  Rendered devise/sessions/new.html.erb within layouts/application (Duration: 1.9ms | Allocations: 1215)
  Rendered shared/_navbar.html.erb (Duration: 0.6ms | Allocations: 127)
  Rendered layout layouts/application.html.erb (Duration: 5.8ms | Allocations: 2708)
Completed 200 OK in 8ms (Views: 6.4ms | ActiveRecord: 0.0ms | Allocations: 3334)


Started GET "/users/sign_in" for 127.0.0.1 at 2024-08-17 17:49:03 -0300
Processing by Devise::SessionsController#new as HTML
  Rendering layout layouts/application.html.erb
  Rendering devise/sessions/new.html.erb within layouts/application
  Rendered devise/shared/_links.html.erb (Duration: 0.2ms | Allocations: 132)
  Rendered devise/sessions/new.html.erb within layouts/application (Duration: 2.3ms | Allocations: 1215)
  Rendered shared/_navbar.html.erb (Duration: 0.3ms | Allocations: 127)
  Rendered layout layouts/application.html.erb (Duration: 5.3ms | Allocations: 2720)
Completed 200 OK in 7ms (Views: 5.8ms | ActiveRecord: 0.0ms | Allocations: 3350)


Started GET "/users/sign_in" for 127.0.0.1 at 2024-08-17 17:49:03 -0300
Processing by Devise::SessionsController#new as HTML
  Rendering layout layouts/application.html.erb
  Rendering devise/sessions/new.html.erb within layouts/application
  Rendered devise/shared/_links.html.erb (Duration: 0.4ms | Allocations: 132)
  Rendered devise/sessions/new.html.erb within layouts/application (Duration: 3.3ms | Allocations: 1215)
  Rendered shared/_navbar.html.erb (Duration: 0.3ms | Allocations: 127)
  Rendered layout layouts/application.html.erb (Duration: 6.9ms | Allocations: 2708)
Completed 200 OK in 9ms (Views: 7.5ms | ActiveRecord: 0.0ms | Allocations: 3311)


Started GET "/users/sign_in" for 127.0.0.1 at 2024-08-17 17:50:50 -0300
Processing by Devise::SessionsController#new as HTML
  Rendering layout layouts/application.html.erb
  Rendering devise/sessions/new.html.erb within layouts/application
  Rendered devise/shared/_links.html.erb (Duration: 1.2ms | Allocations: 569)
  Rendered devise/sessions/new.html.erb within layouts/application (Duration: 4.7ms | Allocations: 2097)
  Rendered shared/_navbar.html.erb (Duration: 0.9ms | Allocations: 417)
  Rendered layout layouts/application.html.erb (Duration: 8.9ms | Allocations: 4253)
Completed 200 OK in 14ms (Views: 12.4ms | ActiveRecord: 0.0ms | Allocations: 5534)


Started GET "/users/sign_in" for 127.0.0.1 at 2024-08-17 17:50:51 -0300
Processing by Devise::SessionsController#new as HTML
  Rendering layout layouts/application.html.erb
  Rendering devise/sessions/new.html.erb within layouts/application
  Rendered devise/shared/_links.html.erb (Duration: 0.3ms | Allocations: 132)
  Rendered devise/sessions/new.html.erb within layouts/application (Duration: 1.8ms | Allocations: 1215)
  Rendered shared/_navbar.html.erb (Duration: 0.3ms | Allocations: 127)
  Rendered layout layouts/application.html.erb (Duration: 4.3ms | Allocations: 2708)
Completed 200 OK in 6ms (Views: 4.7ms | ActiveRecord: 0.0ms | Allocations: 3332)


Started GET "/users/sign_in" for 127.0.0.1 at 2024-08-17 17:50:52 -0300
Processing by Devise::SessionsController#new as HTML
  Rendering layout layouts/application.html.erb
  Rendering devise/sessions/new.html.erb within layouts/application
  Rendered devise/shared/_links.html.erb (Duration: 0.3ms | Allocations: 132)
  Rendered devise/sessions/new.html.erb within layouts/application (Duration: 1.8ms | Allocations: 1215)
  Rendered shared/_navbar.html.erb (Duration: 0.3ms | Allocations: 127)
  Rendered layout layouts/application.html.erb (Duration: 4.4ms | Allocations: 2708)
Completed 200 OK in 6ms (Views: 4.9ms | ActiveRecord: 0.0ms | Allocations: 3322)


Started GET "/" for 127.0.0.1 at 2024-08-17 17:50:53 -0300
Processing by HomeController#index as HTML
  Rendering layout layouts/application.html.erb
  Rendering home/index.html.erb within layouts/application
  Rendered home/index.html.erb within layouts/application (Duration: 1.7ms | Allocations: 564)
  Rendered shared/_navbar.html.erb (Duration: 0.2ms | Allocations: 111)
  Rendered layout layouts/application.html.erb (Duration: 4.7ms | Allocations: 2151)
Completed 200 OK in 8ms (Views: 6.8ms | ActiveRecord: 0.0ms | Allocations: 2874)


Started GET "/users/sign_up" for 127.0.0.1 at 2024-08-17 17:51:03 -0300
Processing by Devise::RegistrationsController#new as HTML
  Rendering layout layouts/application.html.erb
  Rendering devise/registrations/new.html.erb within layouts/application
  Rendered devise/shared/_error_messages.html.erb (Duration: 1.0ms | Allocations: 235)
  Rendered devise/shared/_links.html.erb (Duration: 1.3ms | Allocations: 583)
  Rendered devise/registrations/new.html.erb within layouts/application (Duration: 6.0ms | Allocations: 2572)
  Rendered shared/_navbar.html.erb (Duration: 0.9ms | Allocations: 419)
  Rendered layout layouts/application.html.erb (Duration: 10.6ms | Allocations: 4740)
Completed 200 OK in 15ms (Views: 14.2ms | ActiveRecord: 0.0ms | Allocations: 6150)


Started GET "/users/sign_in" for 127.0.0.1 at 2024-08-17 17:51:03 -0300
Processing by Devise::SessionsController#new as HTML
  Rendering layout layouts/application.html.erb
  Rendering devise/sessions/new.html.erb within layouts/application
  Rendered devise/shared/_links.html.erb (Duration: 0.2ms | Allocations: 142)
  Rendered devise/sessions/new.html.erb within layouts/application (Duration: 2.7ms | Allocations: 1609)
  Rendered shared/_navbar.html.erb (Duration: 0.3ms | Allocations: 142)
  Rendered layout layouts/application.html.erb (Duration: 5.9ms | Allocations: 3185)
Completed 200 OK in 9ms (Views: 8.1ms | ActiveRecord: 0.0ms | Allocations: 4124)


Started GET "/" for 127.0.0.1 at 2024-08-17 17:51:05 -0300
Processing by HomeController#index as HTML
  Rendering layout layouts/application.html.erb
  Rendering home/index.html.erb within layouts/application
  Rendered home/index.html.erb within layouts/application (Duration: 1.3ms | Allocations: 537)
  Rendered shared/_navbar.html.erb (Duration: 0.2ms | Allocations: 111)
  Rendered layout layouts/application.html.erb (Duration: 3.5ms | Allocations: 2098)
Completed 200 OK in 6ms (Views: 5.6ms | ActiveRecord: 0.0ms | Allocations: 2684)


Started GET "/" for 127.0.0.1 at 2024-08-17 18:01:46 -0300
  [1m[36mActiveRecord::SchemaMigration Pluck (0.4ms)[0m  [1m[34mSELECT "schema_migrations"."version" FROM "schema_migrations" ORDER BY "schema_migrations"."version" ASC[0m
Processing by HomeController#index as HTML
  Rendering layout layouts/application.html.erb
  Rendering home/index.html.erb within layouts/application
  Rendered home/index.html.erb within layouts/application (Duration: 9.7ms | Allocations: 1148)
  Rendered shared/_navbar.html.erb (Duration: 1.7ms | Allocations: 398)
  Rendered shared/_flashes.html.erb (Duration: 2.8ms | Allocations: 236)
  Rendered layout layouts/application.html.erb (Duration: 260.8ms | Allocations: 40400)
Completed 200 OK in 284ms (Views: 266.4ms | ActiveRecord: 0.0ms | Allocations: 44629)


Started GET "/users/sign_in" for 127.0.0.1 at 2024-08-17 18:01:53 -0300
Processing by Devise::SessionsController#new as HTML
  Rendering layout layouts/application.html.erb
  Rendering devise/sessions/new.html.erb within layouts/application
  Rendered devise/shared/_links.html.erb (Duration: 3.6ms | Allocations: 711)
  Rendered devise/sessions/new.html.erb within layouts/application (Duration: 15.5ms | Allocations: 3712)
  Rendered shared/_navbar.html.erb (Duration: 0.3ms | Allocations: 145)
  Rendered shared/_flashes.html.erb (Duration: 0.1ms | Allocations: 27)
  Rendered layout layouts/application.html.erb (Duration: 19.4ms | Allocations: 5417)
Completed 200 OK in 35ms (Views: 22.2ms | ActiveRecord: 0.6ms | Allocations: 12639)


Started POST "/users/sign_in" for 127.0.0.1 at 2024-08-17 18:01:58 -0300
Processing by Devise::SessionsController#create as TURBO_STREAM
  Parameters: {"authenticity_token"=>"[FILTERED]", "user"=>{"email"=>"otavio@teste.com", "password"=>"[FILTERED]", "remember_me"=>"0"}, "commit"=>"Log in"}
  [1m[36mUser Load (0.7ms)[0m  [1m[34mSELECT "users".* FROM "users" WHERE "users"."email" = ? ORDER BY "users"."id" ASC LIMIT ?[0m  [["email", "otavio@teste.com"], ["LIMIT", 1]]
Redirected to http://127.0.0.1:3000/
Completed 303 See Other in 334ms (ActiveRecord: 0.7ms | Allocations: 5781)


Started GET "/" for 127.0.0.1 at 2024-08-17 18:01:59 -0300
Processing by HomeController#index as TURBO_STREAM
  Rendering layout layouts/application.html.erb
  Rendering home/index.html.erb within layouts/application
  [1m[36mUser Load (0.2ms)[0m  [1m[34mSELECT "users".* FROM "users" WHERE "users"."id" = ? ORDER BY "users"."id" ASC LIMIT ?[0m  [["id", 1], ["LIMIT", 1]]
  ↳ app/views/home/index.html.erb:3
  Rendered home/index.html.erb within layouts/application (Duration: 2.6ms | Allocations: 1132)
  Rendered shared/_navbar.html.erb (Duration: 0.2ms | Allocations: 118)
  Rendered shared/_flashes.html.erb (Duration: 0.1ms | Allocations: 28)
  Rendered layout layouts/application.html.erb (Duration: 5.2ms | Allocations: 2826)
Completed 200 OK in 6ms (Views: 5.6ms | ActiveRecord: 0.2ms | Allocations: 3142)


Started GET "/users/sign_in" for 127.0.0.1 at 2024-08-17 18:02:05 -0300
Processing by Devise::SessionsController#new as HTML
  [1m[36mUser Load (0.1ms)[0m  [1m[34mSELECT "users".* FROM "users" WHERE "users"."id" = ? ORDER BY "users"."id" ASC LIMIT ?[0m  [["id", 1], ["LIMIT", 1]]
Redirected to http://127.0.0.1:3000/
Filter chain halted as :require_no_authentication rendered or redirected
Completed 302 Found in 3ms (ActiveRecord: 0.1ms | Allocations: 1590)


Started GET "/" for 127.0.0.1 at 2024-08-17 18:02:05 -0300
Processing by HomeController#index as HTML
  Rendering layout layouts/application.html.erb
  Rendering home/index.html.erb within layouts/application
  [1m[36mUser Load (0.1ms)[0m  [1m[34mSELECT "users".* FROM "users" WHERE "users"."id" = ? ORDER BY "users"."id" ASC LIMIT ?[0m  [["id", 1], ["LIMIT", 1]]
  ↳ app/views/home/index.html.erb:3
  Rendered home/index.html.erb within layouts/application (Duration: 1.9ms | Allocations: 1073)
  Rendered shared/_navbar.html.erb (Duration: 0.2ms | Allocations: 108)
  Rendered shared/_flashes.html.erb (Duration: 0.1ms | Allocations: 26)
  Rendered layout layouts/application.html.erb (Duration: 4.9ms | Allocations: 2681)
Completed 200 OK in 6ms (Views: 5.3ms | ActiveRecord: 0.1ms | Allocations: 2950)


Started GET "/users/edit" for 127.0.0.1 at 2024-08-17 18:02:23 -0300
Processing by Devise::RegistrationsController#edit as HTML
  [1m[36mUser Load (0.1ms)[0m  [1m[34mSELECT "users".* FROM "users" WHERE "users"."id" = ? ORDER BY "users"."id" ASC LIMIT ?[0m  [["id", 1], ["LIMIT", 1]]
  Rendering layout layouts/application.html.erb
  Rendering devise/registrations/edit.html.erb within layouts/application
  Rendered devise/shared/_error_messages.html.erb (Duration: 0.9ms | Allocations: 235)
  Rendered devise/registrations/edit.html.erb within layouts/application (Duration: 5.7ms | Allocations: 2679)
  Rendered shared/_navbar.html.erb (Duration: 0.2ms | Allocations: 129)
  Rendered shared/_flashes.html.erb (Duration: 0.1ms | Allocations: 27)
  Rendered layout layouts/application.html.erb (Duration: 9.4ms | Allocations: 4376)
Completed 200 OK in 16ms (Views: 12.0ms | ActiveRecord: 0.1ms | Allocations: 6562)


Started GET "/" for 127.0.0.1 at 2024-08-17 18:02:26 -0300
Processing by HomeController#index as HTML
  Rendering layout layouts/application.html.erb
  Rendering home/index.html.erb within layouts/application
  [1m[36mUser Load (0.4ms)[0m  [1m[34mSELECT "users".* FROM "users" WHERE "users"."id" = ? ORDER BY "users"."id" ASC LIMIT ?[0m  [["id", 1], ["LIMIT", 1]]
  ↳ app/views/home/index.html.erb:3
  Rendered home/index.html.erb within layouts/application (Duration: 3.6ms | Allocations: 1056)
  Rendered shared/_navbar.html.erb (Duration: 0.3ms | Allocations: 108)
  Rendered shared/_flashes.html.erb (Duration: 0.1ms | Allocations: 22)
  Rendered layout layouts/application.html.erb (Duration: 6.9ms | Allocations: 2661)
Completed 200 OK in 8ms (Views: 7.1ms | ActiveRecord: 0.4ms | Allocations: 2931)


Started DELETE "/users/sign_out?_method=delete" for 127.0.0.1 at 2024-08-17 18:02:27 -0300
Processing by Devise::SessionsController#destroy as TURBO_STREAM
  [1m[36mUser Load (0.1ms)[0m  [1m[34mSELECT "users".* FROM "users" WHERE "users"."id" = ? ORDER BY "users"."id" ASC LIMIT ?[0m  [["id", 1], ["LIMIT", 1]]
Redirected to http://127.0.0.1:3000/
Completed 303 See Other in 7ms (ActiveRecord: 0.1ms | Allocations: 2582)


Started GET "/" for 127.0.0.1 at 2024-08-17 18:02:27 -0300
Processing by HomeController#index as TURBO_STREAM
  Rendering layout layouts/application.html.erb
  Rendering home/index.html.erb within layouts/application
  Rendered home/index.html.erb within layouts/application (Duration: 0.6ms | Allocations: 319)
  Rendered shared/_navbar.html.erb (Duration: 0.2ms | Allocations: 107)
  Rendered shared/_flashes.html.erb (Duration: 0.1ms | Allocations: 26)
  Rendered layout layouts/application.html.erb (Duration: 3.3ms | Allocations: 1932)
Completed 200 OK in 4ms (Views: 3.8ms | ActiveRecord: 0.0ms | Allocations: 2202)


Started GET "/" for 127.0.0.1 at 2024-08-17 18:03:01 -0300
Processing by HomeController#index as HTML
  Rendering layout layouts/application.html.erb
  Rendering home/index.html.erb within layouts/application
  Rendered home/index.html.erb within layouts/application (Duration: 0.6ms | Allocations: 303)
  Rendered shared/_navbar.html.erb (Duration: 0.2ms | Allocations: 107)
  Rendered shared/_flashes.html.erb (Duration: 0.1ms | Allocations: 22)
  Rendered layout layouts/application.html.erb (Duration: 14.9ms | Allocations: 3853)
Completed 200 OK in 16ms (Views: 15.3ms | ActiveRecord: 0.0ms | Allocations: 4118)


Started GET "/users/sign_in" for 127.0.0.1 at 2024-08-17 18:03:02 -0300
Processing by Devise::SessionsController#new as HTML
  Rendering layout layouts/application.html.erb
  Rendering devise/sessions/new.html.erb within layouts/application
  Rendered devise/shared/_links.html.erb (Duration: 0.4ms | Allocations: 132)
  Rendered devise/sessions/new.html.erb within layouts/application (Duration: 4.2ms | Allocations: 1215)
  Rendered shared/_navbar.html.erb (Duration: 0.3ms | Allocations: 127)
  Rendered shared/_flashes.html.erb (Duration: 0.0ms | Allocations: 22)
  Rendered layout layouts/application.html.erb (Duration: 8.3ms | Allocations: 2831)
Completed 200 OK in 15ms (Views: 9.0ms | ActiveRecord: 0.0ms | Allocations: 3448)


Started POST "/users/sign_in" for 127.0.0.1 at 2024-08-17 18:03:07 -0300
Processing by Devise::SessionsController#create as TURBO_STREAM
  Parameters: {"authenticity_token"=>"[FILTERED]", "user"=>{"email"=>"otavio@teste.com", "password"=>"[FILTERED]", "remember_me"=>"0"}, "commit"=>"Log in"}
  [1m[36mUser Load (0.1ms)[0m  [1m[34mSELECT "users".* FROM "users" WHERE "users"."email" = ? ORDER BY "users"."id" ASC LIMIT ?[0m  [["email", "otavio@teste.com"], ["LIMIT", 1]]
Redirected to http://127.0.0.1:3000/
Completed 303 See Other in 300ms (ActiveRecord: 0.1ms | Allocations: 2421)


Started GET "/" for 127.0.0.1 at 2024-08-17 18:03:07 -0300
Processing by HomeController#index as TURBO_STREAM
  Rendering layout layouts/application.html.erb
  Rendering home/index.html.erb within layouts/application
  [1m[36mUser Load (0.1ms)[0m  [1m[34mSELECT "users".* FROM "users" WHERE "users"."id" = ? ORDER BY "users"."id" ASC LIMIT ?[0m  [["id", 1], ["LIMIT", 1]]
  ↳ app/views/home/index.html.erb:3
  Rendered home/index.html.erb within layouts/application (Duration: 1.7ms | Allocations: 1042)
  Rendered shared/_navbar.html.erb (Duration: 0.1ms | Allocations: 108)
  Rendered shared/_flashes.html.erb (Duration: 0.1ms | Allocations: 26)
  Rendered layout layouts/application.html.erb (Duration: 4.0ms | Allocations: 2658)
Completed 200 OK in 5ms (Views: 4.3ms | ActiveRecord: 0.1ms | Allocations: 2928)


Started DELETE "/users/sign_out?_method=delete" for 127.0.0.1 at 2024-08-17 18:03:13 -0300
Processing by Devise::SessionsController#destroy as TURBO_STREAM
  [1m[36mUser Load (0.1ms)[0m  [1m[34mSELECT "users".* FROM "users" WHERE "users"."id" = ? ORDER BY "users"."id" ASC LIMIT ?[0m  [["id", 1], ["LIMIT", 1]]
Redirected to http://127.0.0.1:3000/
Completed 303 See Other in 4ms (ActiveRecord: 0.1ms | Allocations: 1819)


Started GET "/" for 127.0.0.1 at 2024-08-17 18:03:13 -0300
Processing by HomeController#index as TURBO_STREAM
  Rendering layout layouts/application.html.erb
  Rendering home/index.html.erb within layouts/application
  Rendered home/index.html.erb within layouts/application (Duration: 0.6ms | Allocations: 318)
  Rendered shared/_navbar.html.erb (Duration: 0.2ms | Allocations: 107)
  Rendered shared/_flashes.html.erb (Duration: 0.1ms | Allocations: 26)
  Rendered layout layouts/application.html.erb (Duration: 3.7ms | Allocations: 1933)
Completed 200 OK in 5ms (Views: 4.1ms | ActiveRecord: 0.0ms | Allocations: 2203)


Started GET "/users/sign_up" for 127.0.0.1 at 2024-08-17 18:03:21 -0300
Processing by Devise::RegistrationsController#new as HTML
  Rendering layout layouts/application.html.erb
  Rendering devise/registrations/new.html.erb within layouts/application
  Rendered devise/shared/_error_messages.html.erb (Duration: 0.0ms | Allocations: 14)
  Rendered devise/shared/_links.html.erb (Duration: 0.4ms | Allocations: 149)
  Rendered devise/registrations/new.html.erb within layouts/application (Duration: 3.0ms | Allocations: 1630)
  Rendered shared/_navbar.html.erb (Duration: 0.2ms | Allocations: 133)
  Rendered shared/_flashes.html.erb (Duration: 0.0ms | Allocations: 22)
  Rendered layout layouts/application.html.erb (Duration: 5.4ms | Allocations: 3260)
Completed 200 OK in 7ms (Views: 6.0ms | ActiveRecord: 0.0ms | Allocations: 3889)


